[2021-07-13 15:17:12.010] [exthost] [info] extension host started
[2021-07-13 15:17:12.047] [exthost] [info] Lock '/home/tomvzy/.vscode-server/data/User/workspaceStorage/03e40db251777b68d534fb62087c56f6/vscode.lock': Lock acquired.
[2021-07-13 15:17:12.256] [exthost] [info] ExtensionService#_doActivateExtension vscode.debug-auto-launch {"startup":true,"extensionId":{"value":"vscode.debug-auto-launch","_lower":"vscode.debug-auto-launch"},"activationEvent":"*"}
[2021-07-13 15:17:12.257] [exthost] [info] ExtensionService#loadCommonJSModule file:///home/tomvzy/.vscode-server/bin/2d23c42a936db1c7b3b06f918cde29561cc47cd6/extensions/debug-auto-launch/dist/extension
[2021-07-13 15:17:12.308] [exthost] [info] ExtensionService#_doActivateExtension vscode.git {"startup":true,"extensionId":{"value":"vscode.github","_lower":"vscode.github"},"activationEvent":"*"}
[2021-07-13 15:17:12.308] [exthost] [info] ExtensionService#loadCommonJSModule file:///home/tomvzy/.vscode-server/bin/2d23c42a936db1c7b3b06f918cde29561cc47cd6/extensions/git/dist/main
[2021-07-13 15:17:12.735] [exthost] [info] ExtensionService#_doActivateExtension ms-vscode.js-debug {"startup":false,"extensionId":{"value":"ms-vscode.js-debug","_lower":"ms-vscode.js-debug"},"activationEvent":"onCommand:extension.js-debug.clearAutoAttachVariables"}
[2021-07-13 15:17:12.735] [exthost] [info] ExtensionService#loadCommonJSModule file:///home/tomvzy/.vscode-server/bin/2d23c42a936db1c7b3b06f918cde29561cc47cd6/extensions/ms-vscode.js-debug/src/extension.js
[2021-07-13 15:17:13.457] [exthost] [info] ExtensionService#_doActivateExtension vscode.github {"startup":true,"extensionId":{"value":"vscode.github","_lower":"vscode.github"},"activationEvent":"*"}
[2021-07-13 15:17:13.457] [exthost] [info] ExtensionService#loadCommonJSModule file:///home/tomvzy/.vscode-server/bin/2d23c42a936db1c7b3b06f918cde29561cc47cd6/extensions/github/dist/extension.js
[2021-07-13 15:17:13.647] [exthost] [info] ExtensionService#_doActivateExtension vscode.emmet {"startup":false,"extensionId":{"value":"vscode.emmet","_lower":"vscode.emmet"},"activationEvent":"onStartupFinished"}
[2021-07-13 15:17:13.647] [exthost] [info] ExtensionService#loadCommonJSModule file:///home/tomvzy/.vscode-server/bin/2d23c42a936db1c7b3b06f918cde29561cc47cd6/extensions/emmet/dist/node/emmetNodeMain
[2021-07-13 15:17:13.785] [exthost] [info] ExtensionService#_doActivateExtension vscode.merge-conflict {"startup":false,"extensionId":{"value":"vscode.merge-conflict","_lower":"vscode.merge-conflict"},"activationEvent":"onStartupFinished"}
[2021-07-13 15:17:13.785] [exthost] [info] ExtensionService#loadCommonJSModule file:///home/tomvzy/.vscode-server/bin/2d23c42a936db1c7b3b06f918cde29561cc47cd6/extensions/merge-conflict/dist/mergeConflictMain
[2021-07-13 15:17:13.875] [exthost] [info] ExtensionService#_doActivateExtension vscode.testing-editor-contributions {"startup":false,"extensionId":{"value":"vscode.testing-editor-contributions","_lower":"vscode.testing-editor-contributions"},"activationEvent":"onStartupFinished"}
[2021-07-13 15:17:13.875] [exthost] [info] ExtensionService#loadCommonJSModule file:///home/tomvzy/.vscode-server/bin/2d23c42a936db1c7b3b06f918cde29561cc47cd6/extensions/testing-editor-contributions/dist/extension.js
[2021-07-13 15:17:13.905] [exthost] [info] eager extensions activated
[2021-07-13 15:30:43.457] [exthost] [info] extension host terminating: received terminate message from renderer
[2021-07-13 15:30:43.457] [exthost] [info] Lock '/home/tomvzy/.vscode-server/data/User/workspaceStorage/03e40db251777b68d534fb62087c56f6/vscode.lock': Marking the lockfile as scheduled to be released in 6000 ms.
[2021-07-13 15:30:44.519] [exthost] [info] exiting with code 0
