[2021-07-20 14:34:56.825] [exthost] [info] extension host started
[2021-07-20 14:34:56.923] [exthost] [info] Lock '/home/tomvzy/.vscode-server/data/User/workspaceStorage/03e40db251777b68d534fb62087c56f6/vscode.lock': Lock acquired.
[2021-07-20 14:34:57.387] [exthost] [info] ExtensionService#_doActivateExtension vscode.debug-auto-launch {"startup":true,"extensionId":{"value":"vscode.debug-auto-launch","_lower":"vscode.debug-auto-launch"},"activationEvent":"*"}
[2021-07-20 14:34:57.387] [exthost] [info] ExtensionService#loadCommonJSModule file:///home/tomvzy/.vscode-server/bin/2aeda6b18e13c4f4f9edf6667158a6b8d408874b/extensions/debug-auto-launch/dist/extension
[2021-07-20 14:34:57.407] [exthost] [info] ExtensionService#_doActivateExtension vscode.git {"startup":true,"extensionId":{"value":"vscode.github","_lower":"vscode.github"},"activationEvent":"*"}
[2021-07-20 14:34:57.407] [exthost] [info] ExtensionService#loadCommonJSModule file:///home/tomvzy/.vscode-server/bin/2aeda6b18e13c4f4f9edf6667158a6b8d408874b/extensions/git/dist/main
[2021-07-20 14:34:57.819] [exthost] [info] ExtensionService#_doActivateExtension ms-vscode.js-debug {"startup":false,"extensionId":{"value":"ms-vscode.js-debug","_lower":"ms-vscode.js-debug"},"activationEvent":"onCommand:extension.js-debug.clearAutoAttachVariables"}
[2021-07-20 14:34:57.819] [exthost] [info] ExtensionService#loadCommonJSModule file:///home/tomvzy/.vscode-server/bin/2aeda6b18e13c4f4f9edf6667158a6b8d408874b/extensions/ms-vscode.js-debug/src/extension.js
[2021-07-20 14:34:58.549] [exthost] [info] ExtensionService#_doActivateExtension vscode.github {"startup":true,"extensionId":{"value":"vscode.github","_lower":"vscode.github"},"activationEvent":"*"}
[2021-07-20 14:34:58.549] [exthost] [info] ExtensionService#loadCommonJSModule file:///home/tomvzy/.vscode-server/bin/2aeda6b18e13c4f4f9edf6667158a6b8d408874b/extensions/github/dist/extension.js
[2021-07-20 14:34:58.612] [exthost] [info] ExtensionService#_doActivateExtension vscode.emmet {"startup":false,"extensionId":{"value":"vscode.emmet","_lower":"vscode.emmet"},"activationEvent":"onStartupFinished"}
[2021-07-20 14:34:58.612] [exthost] [info] ExtensionService#loadCommonJSModule file:///home/tomvzy/.vscode-server/bin/2aeda6b18e13c4f4f9edf6667158a6b8d408874b/extensions/emmet/dist/node/emmetNodeMain
[2021-07-20 14:34:58.629] [exthost] [info] ExtensionService#_doActivateExtension vscode.merge-conflict {"startup":false,"extensionId":{"value":"vscode.merge-conflict","_lower":"vscode.merge-conflict"},"activationEvent":"onStartupFinished"}
[2021-07-20 14:34:58.630] [exthost] [info] ExtensionService#loadCommonJSModule file:///home/tomvzy/.vscode-server/bin/2aeda6b18e13c4f4f9edf6667158a6b8d408874b/extensions/merge-conflict/dist/mergeConflictMain
[2021-07-20 14:34:58.634] [exthost] [info] ExtensionService#_doActivateExtension vscode.testing-editor-contributions {"startup":false,"extensionId":{"value":"vscode.testing-editor-contributions","_lower":"vscode.testing-editor-contributions"},"activationEvent":"onStartupFinished"}
[2021-07-20 14:34:58.634] [exthost] [info] ExtensionService#loadCommonJSModule file:///home/tomvzy/.vscode-server/bin/2aeda6b18e13c4f4f9edf6667158a6b8d408874b/extensions/testing-editor-contributions/dist/extension.js
[2021-07-20 14:34:58.635] [exthost] [info] eager extensions activated
[2021-07-20 14:35:04.770] [exthost] [info] extension host terminating: received terminate message from renderer
[2021-07-20 14:35:04.771] [exthost] [info] Lock '/home/tomvzy/.vscode-server/data/User/workspaceStorage/03e40db251777b68d534fb62087c56f6/vscode.lock': Marking the lockfile as scheduled to be released in 6000 ms.
[2021-07-20 14:35:05.807] [exthost] [info] exiting with code 0
