[2021-07-20 15:29:33.148] [exthost] [info] extension host started
[2021-07-20 15:29:33.206] [exthost] [info] ExtensionService#_doActivateExtension vscode.debug-auto-launch {"startup":true,"extensionId":{"value":"vscode.debug-auto-launch","_lower":"vscode.debug-auto-launch"},"activationEvent":"*"}
[2021-07-20 15:29:33.206] [exthost] [info] ExtensionService#loadCommonJSModule file:///home/tomvzy/.vscode-server/bin/2aeda6b18e13c4f4f9edf6667158a6b8d408874b/extensions/debug-auto-launch/dist/extension
[2021-07-20 15:29:33.241] [exthost] [info] ExtensionService#_doActivateExtension vscode.git {"startup":true,"extensionId":{"value":"vscode.github","_lower":"vscode.github"},"activationEvent":"*"}
[2021-07-20 15:29:33.241] [exthost] [info] ExtensionService#loadCommonJSModule file:///home/tomvzy/.vscode-server/bin/2aeda6b18e13c4f4f9edf6667158a6b8d408874b/extensions/git/dist/main
[2021-07-20 15:29:33.412] [exthost] [info] ExtensionService#_doActivateExtension vscode.npm {"startup":true,"extensionId":{"value":"vscode.npm","_lower":"vscode.npm"},"activationEvent":"workspaceContains:package.json"}
[2021-07-20 15:29:33.412] [exthost] [info] ExtensionService#loadCommonJSModule file:///home/tomvzy/.vscode-server/bin/2aeda6b18e13c4f4f9edf6667158a6b8d408874b/extensions/npm/dist/npmMain
[2021-07-20 15:29:33.538] [exthost] [info] Lock '/home/tomvzy/.vscode-server/data/User/workspaceStorage/b1aeb5f40f411667133bab165915174a/vscode.lock': Lock acquired.
[2021-07-20 15:29:33.605] [exthost] [info] ExtensionService#_doActivateExtension vscode.github {"startup":true,"extensionId":{"value":"vscode.github","_lower":"vscode.github"},"activationEvent":"*"}
[2021-07-20 15:29:33.605] [exthost] [info] ExtensionService#loadCommonJSModule file:///home/tomvzy/.vscode-server/bin/2aeda6b18e13c4f4f9edf6667158a6b8d408874b/extensions/github/dist/extension.js
[2021-07-20 15:29:33.858] [exthost] [info] ExtensionService#_doActivateExtension ms-vscode.js-debug {"startup":false,"extensionId":{"value":"ms-vscode.js-debug","_lower":"ms-vscode.js-debug"},"activationEvent":"onCommand:extension.js-debug.clearAutoAttachVariables"}
[2021-07-20 15:29:33.858] [exthost] [info] ExtensionService#loadCommonJSModule file:///home/tomvzy/.vscode-server/bin/2aeda6b18e13c4f4f9edf6667158a6b8d408874b/extensions/ms-vscode.js-debug/src/extension.js
[2021-07-20 15:29:34.612] [exthost] [info] ExtensionService#_doActivateExtension vscode.emmet {"startup":false,"extensionId":{"value":"vscode.emmet","_lower":"vscode.emmet"},"activationEvent":"onStartupFinished"}
[2021-07-20 15:29:34.612] [exthost] [info] ExtensionService#loadCommonJSModule file:///home/tomvzy/.vscode-server/bin/2aeda6b18e13c4f4f9edf6667158a6b8d408874b/extensions/emmet/dist/node/emmetNodeMain
[2021-07-20 15:29:34.677] [exthost] [info] ExtensionService#_doActivateExtension vscode.merge-conflict {"startup":false,"extensionId":{"value":"vscode.merge-conflict","_lower":"vscode.merge-conflict"},"activationEvent":"onStartupFinished"}
[2021-07-20 15:29:34.677] [exthost] [info] ExtensionService#loadCommonJSModule file:///home/tomvzy/.vscode-server/bin/2aeda6b18e13c4f4f9edf6667158a6b8d408874b/extensions/merge-conflict/dist/mergeConflictMain
[2021-07-20 15:29:34.704] [exthost] [info] ExtensionService#_doActivateExtension vscode.testing-editor-contributions {"startup":false,"extensionId":{"value":"vscode.testing-editor-contributions","_lower":"vscode.testing-editor-contributions"},"activationEvent":"onStartupFinished"}
[2021-07-20 15:29:34.704] [exthost] [info] ExtensionService#loadCommonJSModule file:///home/tomvzy/.vscode-server/bin/2aeda6b18e13c4f4f9edf6667158a6b8d408874b/extensions/testing-editor-contributions/dist/extension.js
[2021-07-20 15:29:34.709] [exthost] [info] eager extensions activated
[2021-07-20 15:29:40.648] [exthost] [info] ExtensionService#_doActivateExtension vscode.extension-editing {"startup":false,"extensionId":{"value":"vscode.extension-editing","_lower":"vscode.extension-editing"},"activationEvent":"onLanguage:markdown"}
[2021-07-20 15:29:40.648] [exthost] [info] ExtensionService#loadCommonJSModule file:///home/tomvzy/.vscode-server/bin/2aeda6b18e13c4f4f9edf6667158a6b8d408874b/extensions/extension-editing/dist/extensionEditingMain
[2021-07-20 15:29:40.756] [exthost] [info] ExtensionService#_doActivateExtension vscode.markdown-language-features {"startup":false,"extensionId":{"value":"vscode.markdown-language-features","_lower":"vscode.markdown-language-features"},"activationEvent":"onLanguage:markdown"}
[2021-07-20 15:29:40.757] [exthost] [info] ExtensionService#loadCommonJSModule file:///home/tomvzy/.vscode-server/bin/2aeda6b18e13c4f4f9edf6667158a6b8d408874b/extensions/markdown-language-features/dist/extension
[2021-07-20 15:29:41.414] [exthost] [info] ExtensionService#_doActivateExtension vscode.markdown-math {"startup":false,"extensionId":{"value":"vscode.markdown-language-features","_lower":"vscode.markdown-language-features"},"activationEvent":"api"}
[2021-07-20 15:29:41.414] [exthost] [info] ExtensionService#loadCommonJSModule file:///home/tomvzy/.vscode-server/bin/2aeda6b18e13c4f4f9edf6667158a6b8d408874b/extensions/markdown-math/dist/extension
[2021-07-20 15:29:41.590] [exthost] [info] ExtensionService#_doActivateExtension vscode.configuration-editing {"startup":false,"extensionId":{"value":"vscode.configuration-editing","_lower":"vscode.configuration-editing"},"activationEvent":"onLanguage:json"}
[2021-07-20 15:29:41.590] [exthost] [info] ExtensionService#loadCommonJSModule file:///home/tomvzy/.vscode-server/bin/2aeda6b18e13c4f4f9edf6667158a6b8d408874b/extensions/configuration-editing/dist/configurationEditingMain
[2021-07-20 15:29:41.883] [exthost] [info] ExtensionService#_doActivateExtension vscode.json-language-features {"startup":false,"extensionId":{"value":"vscode.json-language-features","_lower":"vscode.json-language-features"},"activationEvent":"onLanguage:json"}
[2021-07-20 15:29:41.884] [exthost] [info] ExtensionService#loadCommonJSModule file:///home/tomvzy/.vscode-server/bin/2aeda6b18e13c4f4f9edf6667158a6b8d408874b/extensions/json-language-features/client/dist/node/jsonClientMain
[2021-07-20 15:29:43.339] [exthost] [info] ExtensionService#_doActivateExtension vscode.typescript-language-features {"startup":false,"extensionId":{"value":"vscode.typescript-language-features","_lower":"vscode.typescript-language-features"},"activationEvent":"onLanguage:jsonc"}
[2021-07-20 15:29:43.339] [exthost] [info] ExtensionService#loadCommonJSModule file:///home/tomvzy/.vscode-server/bin/2aeda6b18e13c4f4f9edf6667158a6b8d408874b/extensions/typescript-language-features/dist/extension
[2021-07-20 15:31:31.862] [exthost] [info] extension host terminating: received terminate message from renderer
[2021-07-20 15:31:31.862] [exthost] [info] Lock '/home/tomvzy/.vscode-server/data/User/workspaceStorage/b1aeb5f40f411667133bab165915174a/vscode.lock': Marking the lockfile as scheduled to be released in 6000 ms.
[2021-07-20 15:31:32.941] [exthost] [info] exiting with code 0
