[2021-07-10 12:43:51.083] [exthost] [info] extension host started
[2021-07-10 12:43:51.137] [exthost] [info] ExtensionService#_doActivateExtension vscode.debug-auto-launch {"startup":true,"extensionId":{"value":"vscode.debug-auto-launch","_lower":"vscode.debug-auto-launch"},"activationEvent":"*"}
[2021-07-10 12:43:51.138] [exthost] [info] ExtensionService#loadCommonJSModule file:///home/tomvzy/.vscode-server/bin/2d23c42a936db1c7b3b06f918cde29561cc47cd6/extensions/debug-auto-launch/dist/extension
[2021-07-10 12:43:51.144] [exthost] [info] ExtensionService#_doActivateExtension vscode.git {"startup":true,"extensionId":{"value":"vscode.github","_lower":"vscode.github"},"activationEvent":"*"}
[2021-07-10 12:43:51.144] [exthost] [info] ExtensionService#loadCommonJSModule file:///home/tomvzy/.vscode-server/bin/2d23c42a936db1c7b3b06f918cde29561cc47cd6/extensions/git/dist/main
[2021-07-10 12:43:51.214] [exthost] [info] Lock '/home/tomvzy/.vscode-server/data/User/workspaceStorage/03e40db251777b68d534fb62087c56f6/vscode.lock': Lock acquired.
[2021-07-10 12:43:51.368] [exthost] [info] ExtensionService#_doActivateExtension vscode.github {"startup":true,"extensionId":{"value":"vscode.github","_lower":"vscode.github"},"activationEvent":"*"}
[2021-07-10 12:43:51.368] [exthost] [info] ExtensionService#loadCommonJSModule file:///home/tomvzy/.vscode-server/bin/2d23c42a936db1c7b3b06f918cde29561cc47cd6/extensions/github/dist/extension.js
[2021-07-10 12:43:51.444] [exthost] [info] ExtensionService#_doActivateExtension ms-vscode.js-debug {"startup":false,"extensionId":{"value":"ms-vscode.js-debug","_lower":"ms-vscode.js-debug"},"activationEvent":"onCommand:extension.js-debug.clearAutoAttachVariables"}
[2021-07-10 12:43:51.444] [exthost] [info] ExtensionService#loadCommonJSModule file:///home/tomvzy/.vscode-server/bin/2d23c42a936db1c7b3b06f918cde29561cc47cd6/extensions/ms-vscode.js-debug/src/extension.js
[2021-07-10 12:43:51.754] [exthost] [info] ExtensionService#_doActivateExtension vscode.emmet {"startup":false,"extensionId":{"value":"vscode.emmet","_lower":"vscode.emmet"},"activationEvent":"onStartupFinished"}
[2021-07-10 12:43:51.754] [exthost] [info] ExtensionService#loadCommonJSModule file:///home/tomvzy/.vscode-server/bin/2d23c42a936db1c7b3b06f918cde29561cc47cd6/extensions/emmet/dist/node/emmetNodeMain
[2021-07-10 12:43:51.795] [exthost] [info] ExtensionService#_doActivateExtension vscode.merge-conflict {"startup":false,"extensionId":{"value":"vscode.merge-conflict","_lower":"vscode.merge-conflict"},"activationEvent":"onStartupFinished"}
[2021-07-10 12:43:51.795] [exthost] [info] ExtensionService#loadCommonJSModule file:///home/tomvzy/.vscode-server/bin/2d23c42a936db1c7b3b06f918cde29561cc47cd6/extensions/merge-conflict/dist/mergeConflictMain
[2021-07-10 12:43:51.800] [exthost] [info] ExtensionService#_doActivateExtension vscode.testing-editor-contributions {"startup":false,"extensionId":{"value":"vscode.testing-editor-contributions","_lower":"vscode.testing-editor-contributions"},"activationEvent":"onStartupFinished"}
[2021-07-10 12:43:51.800] [exthost] [info] ExtensionService#loadCommonJSModule file:///home/tomvzy/.vscode-server/bin/2d23c42a936db1c7b3b06f918cde29561cc47cd6/extensions/testing-editor-contributions/dist/extension.js
[2021-07-10 12:43:51.801] [exthost] [info] eager extensions activated
[2021-07-10 12:47:47.834] [exthost] [info] extension host terminating: received terminate message from renderer
[2021-07-10 12:47:47.835] [exthost] [info] Lock '/home/tomvzy/.vscode-server/data/User/workspaceStorage/03e40db251777b68d534fb62087c56f6/vscode.lock': Marking the lockfile as scheduled to be released in 6000 ms.
[2021-07-10 12:47:48.870] [exthost] [info] exiting with code 0
